app/build/intermediates/manifest_merge_blame_file/debug/processDebugMainManifest/manifest-merger-blame-debug-report.txt
1<?xml version="1.0" encoding="utf-8"?>
2<manifest xmlns:android="http://schemas.android.com/apk/res/android"
3    package="org.myapp"
4    android:versionCode="5"
5    android:versionName="1.2.0" >
6
7    <uses-sdk
7-->INJECTED
8        android:minSdkVersion="23"
8-->INJECTED
9        android:targetSdkVersion="36" />
9-->INJECTED
10
11    <uses-permission android:name="android.permission.FOREGROUND_SERVICE_DATA_SYNC" />
11-->src/main/AndroidManifest.xml:3:5-4:74
11-->src/main/AndroidManifest.xml:4:9-71
12    <uses-permission android:name="android.permission.READ_MEDIA_IMAGES" />
12-->src/main/AndroidManifest.xml:5:5-76
12-->src/main/AndroidManifest.xml:5:22-73
13
14    <queries>
14-->[logsender.aar] AndroidManifest.xml:23:5-25:15
15        <package android:name="com.itsaky.androidide" />
15-->[logsender.aar] AndroidManifest.xml:24:9-57
15-->[logsender.aar] AndroidManifest.xml:24:18-54
16    </queries>
17
18    <uses-permission android:name="android.permission.INTERNET" />
18-->[logsender.aar] AndroidManifest.xml:27:5-67
18-->[logsender.aar] AndroidManifest.xml:27:22-64
19    <uses-permission android:name="com.itsaky.androidide.permission.BIND_LOG_SERVICE" />
19-->[logsender.aar] AndroidManifest.xml:28:5-89
19-->[logsender.aar] AndroidManifest.xml:28:22-86
20    <uses-permission android:name="android.permission.FOREGROUND_SERVICE" />
20-->[logsender.aar] AndroidManifest.xml:29:5-77
20-->[logsender.aar] AndroidManifest.xml:29:22-74
21
22    <permission
22-->[androidx.core:core:1.17.0] AndroidManifest.xml:22:5-24:47
23        android:name="org.myapp.DYNAMIC_RECEIVER_NOT_EXPORTED_PERMISSION"
23-->[androidx.core:core:1.17.0] AndroidManifest.xml:23:9-81
24        android:protectionLevel="signature" />
24-->[androidx.core:core:1.17.0] AndroidManifest.xml:24:9-44
25
26    <uses-permission android:name="org.myapp.DYNAMIC_RECEIVER_NOT_EXPORTED_PERMISSION" />
26-->[androidx.core:core:1.17.0] AndroidManifest.xml:26:5-97
26-->[androidx.core:core:1.17.0] AndroidManifest.xml:26:22-94
27
28    <application
28-->src/main/AndroidManifest.xml:6:5-24:19
29        android:allowBackup="true"
29-->src/main/AndroidManifest.xml:7:9-35
30        android:appComponentFactory="androidx.core.app.CoreComponentFactory"
30-->[androidx.core:core:1.17.0] AndroidManifest.xml:28:18-86
31        android:debuggable="true"
32        android:extractNativeLibs="false"
32-->INJECTED
33        android:icon="@mipmap/ic_launcher"
33-->src/main/AndroidManifest.xml:8:9-43
34        android:label="@string/app_name"
34-->src/main/AndroidManifest.xml:9:9-41
35        android:roundIcon="@mipmap/ic_launcher_round"
35-->src/main/AndroidManifest.xml:10:9-54
36        android:supportsRtl="true"
36-->src/main/AndroidManifest.xml:11:9-35
37        android:theme="@style/AppTheme" >
37-->src/main/AndroidManifest.xml:12:9-40
38        <activity
38-->src/main/AndroidManifest.xml:13:9-20:20
39            android:name="org.myapp.MainActivity"
39-->src/main/AndroidManifest.xml:14:13-41
40            android:exported="true" >
40-->src/main/AndroidManifest.xml:15:13-36
41            <intent-filter>
41-->src/main/AndroidManifest.xml:16:13-19:29
42                <action android:name="android.intent.action.MAIN" />
42-->src/main/AndroidManifest.xml:17:17-69
42-->src/main/AndroidManifest.xml:17:25-66
43
44                <category android:name="android.intent.category.LAUNCHER" />
44-->src/main/AndroidManifest.xml:18:17-77
44-->src/main/AndroidManifest.xml:18:27-74
45            </intent-filter>
46        </activity>
47        <activity
47-->src/main/AndroidManifest.xml:21:9-23:40
48            android:name="org.myapp.PuzzleActivity"
48-->src/main/AndroidManifest.xml:22:13-43
49            android:exported="false" />
49-->src/main/AndroidManifest.xml:23:13-37
50
51        <provider
51-->[logsender.aar] AndroidManifest.xml:33:9-37:40
52            android:name="com.itsaky.androidide.logsender.utils.LogSenderInstaller"
52-->[logsender.aar] AndroidManifest.xml:34:13-84
53            android:authorities="org.myapp.logsender-installer"
53-->[logsender.aar] AndroidManifest.xml:35:13-71
54            android:enabled="@bool/logsender_enabled"
54-->[logsender.aar] AndroidManifest.xml:36:13-54
55            android:exported="false" />
55-->[logsender.aar] AndroidManifest.xml:37:13-37
56
57        <service
57-->[logsender.aar] AndroidManifest.xml:39:9-42:56
58            android:name="com.itsaky.androidide.logsender.LogSenderService"
58-->[logsender.aar] AndroidManifest.xml:40:13-76
59            android:exported="false"
59-->[logsender.aar] AndroidManifest.xml:41:13-37
60            android:foregroundServiceType="dataSync" />
60-->[logsender.aar] AndroidManifest.xml:42:13-53
61
62        <uses-library
62-->[androidx.window:window:1.5.0] AndroidManifest.xml:23:9-25:40
63            android:name="androidx.window.extensions"
63-->[androidx.window:window:1.5.0] AndroidManifest.xml:24:13-54
64            android:required="false" />
64-->[androidx.window:window:1.5.0] AndroidManifest.xml:25:13-37
65        <uses-library
65-->[androidx.window:window:1.5.0] AndroidManifest.xml:26:9-28:40
66            android:name="androidx.window.sidecar"
66-->[androidx.window:window:1.5.0] AndroidManifest.xml:27:13-51
67            android:required="false" />
67-->[androidx.window:window:1.5.0] AndroidManifest.xml:28:13-37
68
69        <provider
69-->[androidx.emoji2:emoji2:1.4.0] AndroidManifest.xml:24:9-32:20
70            android:name="androidx.startup.InitializationProvider"
70-->[androidx.emoji2:emoji2:1.4.0] AndroidManifest.xml:25:13-67
71            android:authorities="org.myapp.androidx-startup"
71-->[androidx.emoji2:emoji2:1.4.0] AndroidManifest.xml:26:13-68
72            android:exported="false" >
72-->[androidx.emoji2:emoji2:1.4.0] AndroidManifest.xml:27:13-37
73            <meta-data
73-->[androidx.emoji2:emoji2:1.4.0] AndroidManifest.xml:29:13-31:52
74                android:name="androidx.emoji2.text.EmojiCompatInitializer"
74-->[androidx.emoji2:emoji2:1.4.0] AndroidManifest.xml:30:17-75
75                android:value="androidx.startup" />
75-->[androidx.emoji2:emoji2:1.4.0] AndroidManifest.xml:31:17-49
76            <meta-data
76-->[androidx.lifecycle:lifecycle-process:2.9.4] AndroidManifest.xml:29:13-31:52
77                android:name="androidx.lifecycle.ProcessLifecycleInitializer"
77-->[androidx.lifecycle:lifecycle-process:2.9.4] AndroidManifest.xml:30:17-78
78                android:value="androidx.startup" />
78-->[androidx.lifecycle:lifecycle-process:2.9.4] AndroidManifest.xml:31:17-49
79            <meta-data
79-->[androidx.profileinstaller:profileinstaller:1.4.0] AndroidManifest.xml:29:13-31:52
80                android:name="androidx.profileinstaller.ProfileInstallerInitializer"
80-->[androidx.profileinstaller:profileinstaller:1.4.0] AndroidManifest.xml:30:17-85
81                android:value="androidx.startup" />
81-->[androidx.profileinstaller:profileinstaller:1.4.0] AndroidManifest.xml:31:17-49
82        </provider>
83
84        <receiver
84-->[androidx.profileinstaller:profileinstaller:1.4.0] AndroidManifest.xml:34:9-52:20
85            android:name="androidx.profileinstaller.ProfileInstallReceiver"
85-->[androidx.profileinstaller:profileinstaller:1.4.0] AndroidManifest.xml:35:13-76
86            android:directBootAware="false"
86-->[androidx.profileinstaller:profileinstaller:1.4.0] AndroidManifest.xml:36:13-44
87            android:enabled="true"
87-->[androidx.profileinstaller:profileinstaller:1.4.0] AndroidManifest.xml:37:13-35
88            android:exported="true"
88-->[androidx.profileinstaller:profileinstaller:1.4.0] AndroidManifest.xml:38:13-36
89            android:permission="android.permission.DUMP" >
89-->[androidx.profileinstaller:profileinstaller:1.4.0] AndroidManifest.xml:39:13-57
90            <intent-filter>
90-->[androidx.profileinstaller:profileinstaller:1.4.0] AndroidManifest.xml:40:13-42:29
91                <action android:name="androidx.profileinstaller.action.INSTALL_PROFILE" />
91-->[androidx.profileinstaller:profileinstaller:1.4.0] AndroidManifest.xml:41:17-91
91-->[androidx.profileinstaller:profileinstaller:1.4.0] AndroidManifest.xml:41:25-88
92            </intent-filter>
93            <intent-filter>
93-->[androidx.profileinstaller:profileinstaller:1.4.0] AndroidManifest.xml:43:13-45:29
94                <action android:name="androidx.profileinstaller.action.SKIP_FILE" />
94-->[androidx.profileinstaller:profileinstaller:1.4.0] AndroidManifest.xml:44:17-85
94-->[androidx.profileinstaller:profileinstaller:1.4.0] AndroidManifest.xml:44:25-82
95            </intent-filter>
96            <intent-filter>
96-->[androidx.profileinstaller:profileinstaller:1.4.0] AndroidManifest.xml:46:13-48:29
97                <action android:name="androidx.profileinstaller.action.SAVE_PROFILE" />
97-->[androidx.profileinstaller:profileinstaller:1.4.0] AndroidManifest.xml:47:17-88
97-->[androidx.profileinstaller:profileinstaller:1.4.0] AndroidManifest.xml:47:25-85
98            </intent-filter>
99            <intent-filter>
99-->[androidx.profileinstaller:profileinstaller:1.4.0] AndroidManifest.xml:49:13-51:29
100                <action android:name="androidx.profileinstaller.action.BENCHMARK_OPERATION" />
100-->[androidx.profileinstaller:profileinstaller:1.4.0] AndroidManifest.xml:50:17-95
100-->[androidx.profileinstaller:profileinstaller:1.4.0] AndroidManifest.xml:50:25-92
101            </intent-filter>
102        </receiver>
103    </application>
104
105</manifest>